<?xml version="1.0" encoding="UTF-8"?>
<testng-results skipped="0" failed="0" total="1" passed="1">
  <reporter-output>
    <line>
      <![CDATA[Launching the URL]]>
    </line>
  </reporter-output>
  <suite name="KochInterview" duration-ms="36908" started-at="2021-05-27T19:16:12Z" finished-at="2021-05-27T19:16:49Z">
    <groups>
    </groups>
    <test name="FlightListDetailsTest" duration-ms="36908" started-at="2021-05-27T19:16:12Z" finished-at="2021-05-27T19:16:49Z">
      <class name="com.ixigo.test.FlightListDetailsTest">
        <test-method status="PASS" signature="startup()[pri:0, instance:com.ixigo.test.FlightListDetailsTest@2aafb23c]" name="startup" is-config="true" duration-ms="6794" started-at="2021-05-28T00:46:12Z" finished-at="2021-05-28T00:46:19Z">
          <reporter-output>
            <line>
              <![CDATA[Launching the URL]]>
            </line>
          </reporter-output>
        </test-method> <!-- startup -->
        <test-method status="PASS" signature="flightDetailsTest()[pri:0, instance:com.ixigo.test.FlightListDetailsTest@2aafb23c]" name="flightDetailsTest" duration-ms="29811" started-at="2021-05-28T00:46:19Z" finished-at="2021-05-28T00:46:49Z">
          <reporter-output>
          </reporter-output>
        </test-method> <!-- flightDetailsTest -->
        <test-method status="PASS" signature="tearDown()[pri:0, instance:com.ixigo.test.FlightListDetailsTest@2aafb23c]" name="tearDown" is-config="true" duration-ms="289" started-at="2021-05-28T00:46:49Z" finished-at="2021-05-28T00:46:49Z">
          <reporter-output>
          </reporter-output>
        </test-method> <!-- tearDown -->
      </class> <!-- com.ixigo.test.FlightListDetailsTest -->
    </test> <!-- FlightListDetailsTest -->
  </suite> <!-- KochInterview -->
</testng-results>
